# JRE version: Java(TM) SE Runtime Environment 18.9 (11.0.15+8) (build 11.0.15+8-LTS-149)
# Java VM: Java HotSpot(TM) 64-Bit Server VM 18.9 (11.0.15+8-LTS-149, mixed mode, tiered, compressed oops, g1 gc, windows-amd64)
Heap:
 garbage-first heap   total 189440K, used 26957K [0x0000000080000000, 0x0000000100000000)
  region size 1024K, 19 young (19456K), 8 survivors (8192K)
 Metaspace       used 45001K, capacity 46203K, committed 46288K, reserved 1089536K
  class space    used 5384K, capacity 5855K, committed 5888K, reserved 1048576K
GC Heap History (10 events):
Event: 2.939 GC heap before
{Heap before GC invocations=4 (full 0):
 garbage-first heap   total 131072K, used 25326K [0x0000000080000000, 0x0000000100000000)
  region size 1024K, 22 young (22528K), 2 survivors (2048K)
 Metaspace       used 20787K, capacity 21227K, committed 21248K, reserved 1069056K
  class space    used 2338K, capacity 2541K, committed 2560K, reserved 1048576K
}
Event: 2.950 GC heap after
{Heap after GC invocations=5 (full 0):
 garbage-first heap   total 157696K, used 7804K [0x0000000080000000, 0x0000000100000000)
  region size 1024K, 2 young (2048K), 2 survivors (2048K)
 Metaspace       used 20787K, capacity 21227K, committed 21248K, reserved 1069056K
  class space    used 2338K, capacity 2541K, committed 2560K, reserved 1048576K
}
Event: 3.680 GC heap before
{Heap before GC invocations=6 (full 0):
 garbage-first heap   total 157696K, used 35452K [0x0000000080000000, 0x0000000100000000)
  region size 1024K, 30 young (30720K), 2 survivors (2048K)
 Metaspace       used 24373K, capacity 24968K, committed 25212K, reserved 1071104K
  class space    used 2878K, capacity 3151K, committed 3200K, reserved 1048576K
}
Event: 3.691 GC heap after
{Heap after GC invocations=7 (full 0):
 garbage-first heap   total 157696K, used 9383K [0x0000000080000000, 0x0000000100000000)
  region size 1024K, 4 young (4096K), 4 survivors (4096K)
 Metaspace       used 24373K, capacity 24968K, committed 25212K, reserved 1071104K
  class space    used 2878K, capacity 3151K, committed 3200K, reserved 1048576K
}
Event: 4.908 GC heap before
{Heap before GC invocations=7 (full 0):
 garbage-first heap   total 157696K, used 51367K [0x0000000080000000, 0x0000000100000000)
  region size 1024K, 45 young (46080K), 4 survivors (4096K)
 Metaspace       used 30951K, capacity 31635K, committed 31868K, reserved 1077248K
  class space    used 3602K, capacity 3876K, committed 3968K, reserved 1048576K
}
Event: 4.923 GC heap after
{Heap after GC invocations=8 (full 0):
 garbage-first heap   total 157696K, used 11472K [0x0000000080000000, 0x0000000100000000)
  region size 1024K, 5 young (5120K), 5 survivors (5120K)
 Metaspace       used 30951K, capacity 31635K, committed 31868K, reserved 1077248K
  class space    used 3602K, capacity 3876K, committed 3968K, reserved 1048576K
}
Event: 6.021 GC heap before
{Heap before GC invocations=8 (full 0):
 garbage-first heap   total 157696K, used 36048K [0x0000000080000000, 0x0000000100000000)
  region size 1024K, 30 young (30720K), 5 survivors (5120K)
 Metaspace       used 35069K, capacity 35927K, committed 36048K, reserved 1081344K
  class space    used 4178K, capacity 4557K, committed 4608K, reserved 1048576K
}
Event: 6.038 GC heap after
{Heap after GC invocations=9 (full 0):
 garbage-first heap   total 157696K, used 13323K [0x0000000080000000, 0x0000000100000000)
  region size 1024K, 7 young (7168K), 7 survivors (7168K)
 Metaspace       used 35069K, capacity 35927K, committed 36048K, reserved 1081344K
  class space    used 4178K, capacity 4557K, committed 4608K, reserved 1048576K
}
Event: 138.286 GC heap before
{Heap before GC invocations=10 (full 0):
 garbage-first heap   total 157696K, used 86027K [0x0000000080000000, 0x0000000100000000)
  region size 1024K, 73 young (74752K), 7 survivors (7168K)
 Metaspace       used 42853K, capacity 43988K, committed 44240K, reserved 1087488K
  class space    used 5136K, capacity 5609K, committed 5632K, reserved 1048576K
}
Event: 138.324 GC heap after
{Heap after GC invocations=11 (full 0):
 garbage-first heap   total 189440K, used 16717K [0x0000000080000000, 0x0000000100000000)
  region size 1024K, 8 young (8192K), 8 survivors (8192K)
 Metaspace       used 42853K, capacity 43988K, committed 44240K, reserved 1087488K
  class space    used 5136K, capacity 5609K, committed 5632K, reserved 1048576K
}

