# JRE version: Java(TM) SE Runtime Environment 18.9 (11.0.15+8) (build 11.0.15+8-LTS-149)
# Java VM: Java HotSpot(TM) 64-Bit Server VM 18.9 (11.0.15+8-LTS-149, mixed mode, tiered, compressed oops, g1 gc, windows-amd64)
Heap:
 garbage-first heap   total 157696K, used 7580K [0x0000000080000000, 0x0000000100000000)
  region size 1024K, 2 young (2048K), 2 survivors (2048K)
 Metaspace       used 20689K, capacity 21165K, committed 21248K, reserved 1069056K
  class space    used 2335K, capacity 2541K, committed 2560K, reserved 1048576K
GC Heap History (9 events):
Event: 0.589 GC heap before
{Heap before GC invocations=0 (full 0):
 garbage-first heap   total 131072K, used 7168K [0x0000000080000000, 0x0000000100000000)
  region size 1024K, 7 young (7168K), 0 survivors (0K)
 Metaspace       used 6534K, capacity 6643K, committed 6784K, reserved 1056768K
  class space    used 570K, capacity 638K, committed 640K, reserved 1048576K
}
Event: 0.595 GC heap after
{Heap after GC invocations=1 (full 0):
 garbage-first heap   total 131072K, used 3818K [0x0000000080000000, 0x0000000100000000)
  region size 1024K, 1 young (1024K), 1 survivors (1024K)
 Metaspace       used 6534K, capacity 6643K, committed 6784K, reserved 1056768K
  class space    used 570K, capacity 638K, committed 640K, reserved 1048576K
}
Event: 0.981 GC heap before
{Heap before GC invocations=1 (full 0):
 garbage-first heap   total 131072K, used 8938K [0x0000000080000000, 0x0000000100000000)
  region size 1024K, 6 young (6144K), 1 survivors (1024K)
 Metaspace       used 9490K, capacity 9619K, committed 9984K, reserved 1058816K
  class space    used 860K, capacity 905K, committed 1024K, reserved 1048576K
}
Event: 0.986 GC heap after
{Heap after GC invocations=2 (full 0):
 garbage-first heap   total 131072K, used 4806K [0x0000000080000000, 0x0000000100000000)
  region size 1024K, 1 young (1024K), 1 survivors (1024K)
 Metaspace       used 9490K, capacity 9619K, committed 9984K, reserved 1058816K
  class space    used 860K, capacity 905K, committed 1024K, reserved 1048576K
}
Event: 1.512 GC heap before
{Heap before GC invocations=2 (full 0):
 garbage-first heap   total 131072K, used 15046K [0x0000000080000000, 0x0000000100000000)
  region size 1024K, 11 young (11264K), 1 survivors (1024K)
 Metaspace       used 12927K, capacity 13163K, committed 13184K, reserved 1060864K
  class space    used 1279K, capacity 1396K, committed 1408K, reserved 1048576K
}
Event: 1.518 GC heap after
{Heap after GC invocations=3 (full 0):
 garbage-first heap   total 131072K, used 5571K [0x0000000080000000, 0x0000000100000000)
  region size 1024K, 2 young (2048K), 2 survivors (2048K)
 Metaspace       used 12927K, capacity 13163K, committed 13184K, reserved 1060864K
  class space    used 1279K, capacity 1396K, committed 1408K, reserved 1048576K
}
Event: 2.334 GC heap before
{Heap before GC invocations=3 (full 0):
 garbage-first heap   total 131072K, used 19907K [0x0000000080000000, 0x0000000100000000)
  region size 1024K, 16 young (16384K), 2 survivors (2048K)
 Metaspace       used 16918K, capacity 17369K, committed 17664K, reserved 1064960K
  class space    used 1829K, capacity 2004K, committed 2048K, reserved 1048576K
}
Event: 2.343 GC heap after
{Heap after GC invocations=4 (full 0):
 garbage-first heap   total 131072K, used 6611K [0x0000000080000000, 0x0000000100000000)
  region size 1024K, 2 young (2048K), 2 survivors (2048K)
 Metaspace       used 16918K, capacity 17369K, committed 17664K, reserved 1064960K
  class space    used 1829K, capacity 2004K, committed 2048K, reserved 1048576K
}
Event: 2.939 GC heap before
{Heap before GC invocations=4 (full 0):
 garbage-first heap   total 131072K, used 24019K [0x0000000080000000, 0x0000000100000000)
  region size 1024K, 21 young (21504K), 2 survivors (2048K)
 Metaspace       used 20689K, capacity 21165K, committed 21248K, reserved 1069056K
  class space    used 2335K, capacity 2541K, committed 2560K, reserved 1048576K
}

